[2.595s] Invoking command in '/home/hassanito/ros2_ws/src/eezybotarm_control': PYTHONPATH=/home/hassanito/ros2_ws/build/eezybotarm_control/prefix_override:/usr/lib/python3/dist-packages/colcon_core/task/python/colcon_distutils_commands:/home/hassanito/ros2_ws/install/eezybotarm_control/lib/python3.10/site-packages:${PYTHONPATH} /usr/bin/python3 -W ignore:setup.py install is deprecated -W ignore:easy_install command is deprecated setup.py egg_info --egg-base ../../build/eezybotarm_control build --build-base /home/hassanito/ros2_ws/build/eezybotarm_control/build install --record /home/hassanito/ros2_ws/build/eezybotarm_control/install.log --single-version-externally-managed install_data
[3.603s] running egg_info
[3.607s] writing ../../build/eezybotarm_control/eezybotarm_control.egg-info/PKG-INFO
[3.607s] writing dependency_links to ../../build/eezybotarm_control/eezybotarm_control.egg-info/dependency_links.txt
[3.608s] writing entry points to ../../build/eezybotarm_control/eezybotarm_control.egg-info/entry_points.txt
[3.609s] writing requirements to ../../build/eezybotarm_control/eezybotarm_control.egg-info/requires.txt
[3.609s] writing top-level names to ../../build/eezybotarm_control/eezybotarm_control.egg-info/top_level.txt
[3.616s] reading manifest file '../../build/eezybotarm_control/eezybotarm_control.egg-info/SOURCES.txt'
[3.620s] writing manifest file '../../build/eezybotarm_control/eezybotarm_control.egg-info/SOURCES.txt'
[3.620s] running build
[3.621s] running build_py
[3.621s] copying eezybotarm_control/arm_test_patterns.py -> /home/hassanito/ros2_ws/build/eezybotarm_control/build/lib/eezybotarm_control
[3.622s] running install
[3.623s] running install_lib
[3.626s] copying /home/hassanito/ros2_ws/build/eezybotarm_control/build/lib/eezybotarm_control/arm_test_patterns.py -> /home/hassanito/ros2_ws/install/eezybotarm_control/lib/python3.10/site-packages/eezybotarm_control
[3.628s] byte-compiling /home/hassanito/ros2_ws/install/eezybotarm_control/lib/python3.10/site-packages/eezybotarm_control/arm_test_patterns.py to arm_test_patterns.cpython-310.pyc
[3.633s] running install_data
[3.633s] running install_egg_info
[3.640s] removing '/home/hassanito/ros2_ws/install/eezybotarm_control/lib/python3.10/site-packages/eezybotarm_control-0.0.1-py3.10.egg-info' (and everything under it)
[3.641s] Copying ../../build/eezybotarm_control/eezybotarm_control.egg-info to /home/hassanito/ros2_ws/install/eezybotarm_control/lib/python3.10/site-packages/eezybotarm_control-0.0.1-py3.10.egg-info
[3.644s] running install_scripts
[3.719s] Installing arm_controller script to /home/hassanito/ros2_ws/install/eezybotarm_control/lib/eezybotarm_control
[3.719s] Installing arm_test_patterns script to /home/hassanito/ros2_ws/install/eezybotarm_control/lib/eezybotarm_control
[3.720s] writing list of installed files to '/home/hassanito/ros2_ws/build/eezybotarm_control/install.log'
[3.821s] Invoked command in '/home/hassanito/ros2_ws/src/eezybotarm_control' returned '0': PYTHONPATH=/home/hassanito/ros2_ws/build/eezybotarm_control/prefix_override:/usr/lib/python3/dist-packages/colcon_core/task/python/colcon_distutils_commands:/home/hassanito/ros2_ws/install/eezybotarm_control/lib/python3.10/site-packages:${PYTHONPATH} /usr/bin/python3 -W ignore:setup.py install is deprecated -W ignore:easy_install command is deprecated setup.py egg_info --egg-base ../../build/eezybotarm_control build --build-base /home/hassanito/ros2_ws/build/eezybotarm_control/build install --record /home/hassanito/ros2_ws/build/eezybotarm_control/install.log --single-version-externally-managed install_data
