/home/hassanito/ros2_ws/install/eezybotarm_control/lib/python3.10/site-packages/eezybotarm_control/arm_controller.py
/home/hassanito/ros2_ws/install/eezybotarm_control/lib/python3.10/site-packages/eezybotarm_control/__init__.py
/home/hassanito/ros2_ws/install/eezybotarm_control/lib/python3.10/site-packages/eezybotarm_control/arm_test_patterns.py
/home/hassanito/ros2_ws/install/eezybotarm_control/lib/python3.10/site-packages/eezybotarm_control/__pycache__/arm_controller.cpython-310.pyc
/home/hassanito/ros2_ws/install/eezybotarm_control/lib/python3.10/site-packages/eezybotarm_control/__pycache__/__init__.cpython-310.pyc
/home/hassanito/ros2_ws/install/eezybotarm_control/lib/python3.10/site-packages/eezybotarm_control/__pycache__/arm_test_patterns.cpython-310.pyc
/home/hassanito/ros2_ws/install/eezybotarm_control/share/ament_index/resource_index/packages/eezybotarm_control
/home/hassanito/ros2_ws/install/eezybotarm_control/share/eezybotarm_control/package.xml
/home/hassanito/ros2_ws/install/eezybotarm_control/share/eezybotarm_control/launch/arm_bringup.launch.py
/home/hassanito/ros2_ws/install/eezybotarm_control/share/eezybotarm_control/description/eezybotarm.urdf.xacro
/home/hassanito/ros2_ws/install/eezybotarm_control/share/eezybotarm_control/meshes/ebamk2/link_3.STL
/home/hassanito/ros2_ws/install/eezybotarm_control/share/eezybotarm_control/meshes/ebamk2/link_1.STL
/home/hassanito/ros2_ws/install/eezybotarm_control/share/eezybotarm_control/meshes/ebamk2/base_link.STL
/home/hassanito/ros2_ws/install/eezybotarm_control/share/eezybotarm_control/meshes/ebamk2/link_2.STL
/home/hassanito/ros2_ws/install/eezybotarm_control/share/eezybotarm_control/config/arm.rviz
/home/hassanito/ros2_ws/install/eezybotarm_control/lib/python3.10/site-packages/eezybotarm_control-0.0.1-py3.10.egg-info/dependency_links.txt
/home/hassanito/ros2_ws/install/eezybotarm_control/lib/python3.10/site-packages/eezybotarm_control-0.0.1-py3.10.egg-info/PKG-INFO
/home/hassanito/ros2_ws/install/eezybotarm_control/lib/python3.10/site-packages/eezybotarm_control-0.0.1-py3.10.egg-info/requires.txt
/home/hassanito/ros2_ws/install/eezybotarm_control/lib/python3.10/site-packages/eezybotarm_control-0.0.1-py3.10.egg-info/SOURCES.txt
/home/hassanito/ros2_ws/install/eezybotarm_control/lib/python3.10/site-packages/eezybotarm_control-0.0.1-py3.10.egg-info/entry_points.txt
/home/hassanito/ros2_ws/install/eezybotarm_control/lib/python3.10/site-packages/eezybotarm_control-0.0.1-py3.10.egg-info/zip-safe
/home/hassanito/ros2_ws/install/eezybotarm_control/lib/python3.10/site-packages/eezybotarm_control-0.0.1-py3.10.egg-info/top_level.txt
/home/hassanito/ros2_ws/install/eezybotarm_control/lib/eezybotarm_control/arm_controller
/home/hassanito/ros2_ws/install/eezybotarm_control/lib/eezybotarm_control/arm_test_patterns
