[2.530s] Invoking command in '/home/hassanito/ros2_ws/build/eezybotarm_control': PYTHONPATH=/home/hassanito/ros2_ws/build/eezybotarm_control/prefix_override:/usr/lib/python3/dist-packages/colcon_core/task/python/colcon_distutils_commands:/home/hassanito/ros2_ws/install/eezybotarm_control/lib/python3.10/site-packages:${PYTHONPATH} /usr/bin/python3 -W ignore:setup.py install is deprecated -W ignore:easy_install command is deprecated setup.py develop --uninstall --editable --build-directory /home/hassanito/ros2_ws/build/eezybotarm_control/build
[3.606s] running develop
[4.284s] Removing /home/hassanito/ros2_ws/install/eezybotarm_control/lib/python3.10/site-packages/eezybotarm-control.egg-link (link to .)
[4.401s] Invoked command in '/home/hassanito/ros2_ws/build/eezybotarm_control' returned '0': PYTHONPATH=/home/hassanito/ros2_ws/build/eezybotarm_control/prefix_override:/usr/lib/python3/dist-packages/colcon_core/task/python/colcon_distutils_commands:/home/hassanito/ros2_ws/install/eezybotarm_control/lib/python3.10/site-packages:${PYTHONPATH} /usr/bin/python3 -W ignore:setup.py install is deprecated -W ignore:easy_install command is deprecated setup.py develop --uninstall --editable --build-directory /home/hassanito/ros2_ws/build/eezybotarm_control/build
[4.412s] Invoking command in '/home/hassanito/ros2_ws/src/eezybotarm_control': PYTHONPATH=/home/hassanito/ros2_ws/build/eezybotarm_control/prefix_override:/usr/lib/python3/dist-packages/colcon_core/task/python/colcon_distutils_commands:/home/hassanito/ros2_ws/install/eezybotarm_control/lib/python3.10/site-packages:${PYTHONPATH} /usr/bin/python3 -W ignore:setup.py install is deprecated -W ignore:easy_install command is deprecated setup.py egg_info --egg-base ../../build/eezybotarm_control build --build-base /home/hassanito/ros2_ws/build/eezybotarm_control/build install --record /home/hassanito/ros2_ws/build/eezybotarm_control/install.log --single-version-externally-managed install_data --force
[5.441s] running egg_info
[5.444s] writing ../../build/eezybotarm_control/eezybotarm_control.egg-info/PKG-INFO
[5.445s] writing dependency_links to ../../build/eezybotarm_control/eezybotarm_control.egg-info/dependency_links.txt
[5.446s] writing entry points to ../../build/eezybotarm_control/eezybotarm_control.egg-info/entry_points.txt
[5.447s] writing requirements to ../../build/eezybotarm_control/eezybotarm_control.egg-info/requires.txt
[5.447s] writing top-level names to ../../build/eezybotarm_control/eezybotarm_control.egg-info/top_level.txt
[5.455s] reading manifest file '../../build/eezybotarm_control/eezybotarm_control.egg-info/SOURCES.txt'
[5.458s] writing manifest file '../../build/eezybotarm_control/eezybotarm_control.egg-info/SOURCES.txt'
[5.458s] running build
[5.459s] running build_py
[5.459s] copying eezybotarm_control/arm_test_patterns.py -> /home/hassanito/ros2_ws/build/eezybotarm_control/build/lib/eezybotarm_control
[5.460s] running install
[5.461s] running install_lib
[5.464s] creating /home/hassanito/ros2_ws/install/eezybotarm_control/lib/python3.10/site-packages/eezybotarm_control
[5.464s] copying /home/hassanito/ros2_ws/build/eezybotarm_control/build/lib/eezybotarm_control/arm_controller.py -> /home/hassanito/ros2_ws/install/eezybotarm_control/lib/python3.10/site-packages/eezybotarm_control
[5.465s] copying /home/hassanito/ros2_ws/build/eezybotarm_control/build/lib/eezybotarm_control/__init__.py -> /home/hassanito/ros2_ws/install/eezybotarm_control/lib/python3.10/site-packages/eezybotarm_control
[5.465s] copying /home/hassanito/ros2_ws/build/eezybotarm_control/build/lib/eezybotarm_control/arm_test_patterns.py -> /home/hassanito/ros2_ws/install/eezybotarm_control/lib/python3.10/site-packages/eezybotarm_control
[5.467s] byte-compiling /home/hassanito/ros2_ws/install/eezybotarm_control/lib/python3.10/site-packages/eezybotarm_control/arm_controller.py to arm_controller.cpython-310.pyc
[5.471s] byte-compiling /home/hassanito/ros2_ws/install/eezybotarm_control/lib/python3.10/site-packages/eezybotarm_control/__init__.py to __init__.cpython-310.pyc
[5.471s] byte-compiling /home/hassanito/ros2_ws/install/eezybotarm_control/lib/python3.10/site-packages/eezybotarm_control/arm_test_patterns.py to arm_test_patterns.cpython-310.pyc
[5.477s] running install_data
[5.478s] copying resource/eezybotarm_control -> /home/hassanito/ros2_ws/install/eezybotarm_control/share/ament_index/resource_index/packages
[5.479s] copying package.xml -> /home/hassanito/ros2_ws/install/eezybotarm_control/share/eezybotarm_control
[5.479s] copying launch/arm_bringup.launch.py -> /home/hassanito/ros2_ws/install/eezybotarm_control/share/eezybotarm_control/launch
[5.480s] running install_egg_info
[5.485s] Copying ../../build/eezybotarm_control/eezybotarm_control.egg-info to /home/hassanito/ros2_ws/install/eezybotarm_control/lib/python3.10/site-packages/eezybotarm_control-0.0.1-py3.10.egg-info
[5.489s] running install_scripts
[5.560s] Installing arm_controller script to /home/hassanito/ros2_ws/install/eezybotarm_control/lib/eezybotarm_control
[5.561s] Installing arm_test_patterns script to /home/hassanito/ros2_ws/install/eezybotarm_control/lib/eezybotarm_control
[5.562s] writing list of installed files to '/home/hassanito/ros2_ws/build/eezybotarm_control/install.log'
[5.664s] Invoked command in '/home/hassanito/ros2_ws/src/eezybotarm_control' returned '0': PYTHONPATH=/home/hassanito/ros2_ws/build/eezybotarm_control/prefix_override:/usr/lib/python3/dist-packages/colcon_core/task/python/colcon_distutils_commands:/home/hassanito/ros2_ws/install/eezybotarm_control/lib/python3.10/site-packages:${PYTHONPATH} /usr/bin/python3 -W ignore:setup.py install is deprecated -W ignore:easy_install command is deprecated setup.py egg_info --egg-base ../../build/eezybotarm_control build --build-base /home/hassanito/ros2_ws/build/eezybotarm_control/build install --record /home/hassanito/ros2_ws/build/eezybotarm_control/install.log --single-version-externally-managed install_data --force
