[2.490s] Invoking command in '/home/hassanito/ros2_ws/src/eezybotarm_control': PYTHONPATH=/home/hassanito/ros2_ws/build/eezybotarm_control/prefix_override:/usr/lib/python3/dist-packages/colcon_core/task/python/colcon_distutils_commands:/home/hassanito/ros2_ws/install/eezybotarm_control/lib/python3.10/site-packages:${PYTHONPATH} /usr/bin/python3 -W ignore:setup.py install is deprecated -W ignore:easy_install command is deprecated setup.py egg_info --egg-base ../../build/eezybotarm_control build --build-base /home/hassanito/ros2_ws/build/eezybotarm_control/build install --record /home/hassanito/ros2_ws/build/eezybotarm_control/install.log --single-version-externally-managed install_data
[3.491s] running egg_info
[3.494s] writing ../../build/eezybotarm_control/eezybotarm_control.egg-info/PKG-INFO
[3.495s] writing dependency_links to ../../build/eezybotarm_control/eezybotarm_control.egg-info/dependency_links.txt
[3.496s] writing entry points to ../../build/eezybotarm_control/eezybotarm_control.egg-info/entry_points.txt
[3.497s] writing requirements to ../../build/eezybotarm_control/eezybotarm_control.egg-info/requires.txt
[3.499s] writing top-level names to ../../build/eezybotarm_control/eezybotarm_control.egg-info/top_level.txt
[3.505s] reading manifest file '../../build/eezybotarm_control/eezybotarm_control.egg-info/SOURCES.txt'
[3.508s] writing manifest file '../../build/eezybotarm_control/eezybotarm_control.egg-info/SOURCES.txt'
[3.509s] running build
[3.509s] running build_py
[3.510s] copying eezybotarm_control/arm_controller.py -> /home/hassanito/ros2_ws/build/eezybotarm_control/build/lib/eezybotarm_control
[3.510s] copying eezybotarm_control/arm_test_patterns.py -> /home/hassanito/ros2_ws/build/eezybotarm_control/build/lib/eezybotarm_control
[3.511s] running install
[3.512s] running install_lib
[3.514s] copying /home/hassanito/ros2_ws/build/eezybotarm_control/build/lib/eezybotarm_control/arm_controller.py -> /home/hassanito/ros2_ws/install/eezybotarm_control/lib/python3.10/site-packages/eezybotarm_control
[3.515s] copying /home/hassanito/ros2_ws/build/eezybotarm_control/build/lib/eezybotarm_control/arm_test_patterns.py -> /home/hassanito/ros2_ws/install/eezybotarm_control/lib/python3.10/site-packages/eezybotarm_control
[3.518s] byte-compiling /home/hassanito/ros2_ws/install/eezybotarm_control/lib/python3.10/site-packages/eezybotarm_control/arm_controller.py to arm_controller.cpython-310.pyc
[3.521s] byte-compiling /home/hassanito/ros2_ws/install/eezybotarm_control/lib/python3.10/site-packages/eezybotarm_control/arm_test_patterns.py to arm_test_patterns.cpython-310.pyc
[3.525s] running install_data
[3.526s] running install_egg_info
[3.532s] removing '/home/hassanito/ros2_ws/install/eezybotarm_control/lib/python3.10/site-packages/eezybotarm_control-0.0.1-py3.10.egg-info' (and everything under it)
[3.533s] Copying ../../build/eezybotarm_control/eezybotarm_control.egg-info to /home/hassanito/ros2_ws/install/eezybotarm_control/lib/python3.10/site-packages/eezybotarm_control-0.0.1-py3.10.egg-info
[3.536s] running install_scripts
[3.610s] Installing arm_controller = eezybotarm_control.arm_controller:mainarm_test_patterns script to /home/hassanito/ros2_ws/install/eezybotarm_control/lib/eezybotarm_control
[3.611s] writing list of installed files to '/home/hassanito/ros2_ws/build/eezybotarm_control/install.log'
[3.721s] Invoked command in '/home/hassanito/ros2_ws/src/eezybotarm_control' returned '0': PYTHONPATH=/home/hassanito/ros2_ws/build/eezybotarm_control/prefix_override:/usr/lib/python3/dist-packages/colcon_core/task/python/colcon_distutils_commands:/home/hassanito/ros2_ws/install/eezybotarm_control/lib/python3.10/site-packages:${PYTHONPATH} /usr/bin/python3 -W ignore:setup.py install is deprecated -W ignore:easy_install command is deprecated setup.py egg_info --egg-base ../../build/eezybotarm_control build --build-base /home/hassanito/ros2_ws/build/eezybotarm_control/build install --record /home/hassanito/ros2_ws/build/eezybotarm_control/install.log --single-version-externally-managed install_data
