[2.534s] Invoking command in '/home/hassanito/ros2_ws/src/eezybotarm_control': PYTHONPATH=/home/hassanito/ros2_ws/build/eezybotarm_control/prefix_override:/usr/lib/python3/dist-packages/colcon_core/task/python/colcon_distutils_commands:/home/hassanito/ros2_ws/install/eezybotarm_control/lib/python3.10/site-packages:${PYTHONPATH} /usr/bin/python3 -W ignore:setup.py install is deprecated -W ignore:easy_install command is deprecated setup.py egg_info --egg-base ../../build/eezybotarm_control build --build-base /home/hassanito/ros2_ws/build/eezybotarm_control/build install --record /home/hassanito/ros2_ws/build/eezybotarm_control/install.log --single-version-externally-managed install_data
[3.544s] running egg_info
[3.547s] writing ../../build/eezybotarm_control/eezybotarm_control.egg-info/PKG-INFO
[3.548s] writing dependency_links to ../../build/eezybotarm_control/eezybotarm_control.egg-info/dependency_links.txt
[3.548s] writing entry points to ../../build/eezybotarm_control/eezybotarm_control.egg-info/entry_points.txt
[3.549s] writing requirements to ../../build/eezybotarm_control/eezybotarm_control.egg-info/requires.txt
[3.549s] writing top-level names to ../../build/eezybotarm_control/eezybotarm_control.egg-info/top_level.txt
[3.557s] reading manifest file '../../build/eezybotarm_control/eezybotarm_control.egg-info/SOURCES.txt'
[3.560s] writing manifest file '../../build/eezybotarm_control/eezybotarm_control.egg-info/SOURCES.txt'
[3.561s] running build
[3.561s] running build_py
[3.562s] running install
[3.563s] running install_lib
[3.568s] running install_data
[3.568s] creating /home/hassanito/ros2_ws/install/eezybotarm_control/share/eezybotarm_control/launch
[3.569s] copying launch/arm_bringup.launch.py -> /home/hassanito/ros2_ws/install/eezybotarm_control/share/eezybotarm_control/launch
[3.570s] running install_egg_info
[3.577s] removing '/home/hassanito/ros2_ws/install/eezybotarm_control/lib/python3.10/site-packages/eezybotarm_control-0.0.1-py3.10.egg-info' (and everything under it)
[3.578s] Copying ../../build/eezybotarm_control/eezybotarm_control.egg-info to /home/hassanito/ros2_ws/install/eezybotarm_control/lib/python3.10/site-packages/eezybotarm_control-0.0.1-py3.10.egg-info
[3.582s] running install_scripts
[3.653s] Installing arm_controller script to /home/hassanito/ros2_ws/install/eezybotarm_control/lib/eezybotarm_control
[3.654s] Installing arm_test_patterns script to /home/hassanito/ros2_ws/install/eezybotarm_control/lib/eezybotarm_control
[3.655s] writing list of installed files to '/home/hassanito/ros2_ws/build/eezybotarm_control/install.log'
[3.756s] Invoked command in '/home/hassanito/ros2_ws/src/eezybotarm_control' returned '0': PYTHONPATH=/home/hassanito/ros2_ws/build/eezybotarm_control/prefix_override:/usr/lib/python3/dist-packages/colcon_core/task/python/colcon_distutils_commands:/home/hassanito/ros2_ws/install/eezybotarm_control/lib/python3.10/site-packages:${PYTHONPATH} /usr/bin/python3 -W ignore:setup.py install is deprecated -W ignore:easy_install command is deprecated setup.py egg_info --egg-base ../../build/eezybotarm_control build --build-base /home/hassanito/ros2_ws/build/eezybotarm_control/build install --record /home/hassanito/ros2_ws/build/eezybotarm_control/install.log --single-version-externally-managed install_data
