[0.414s] DEBUG:colcon:Command line arguments: ['/usr/bin/colcon', 'build']
[0.414s] DEBUG:colcon:Parsed command line arguments: Namespace(log_base=None, log_level=None, verb_name='build', build_base='build', install_base='install', merge_install=False, symlink_install=False, test_result_base=None, continue_on_error=False, executor='parallel', parallel_workers=6, event_handlers=None, ignore_user_meta=False, metas=['./colcon.meta'], base_paths=['.'], packages_ignore=None, packages_ignore_regex=None, paths=None, packages_up_to=None, packages_up_to_regex=None, packages_above=None, packages_above_and_dependencies=None, packages_above_depth=None, packages_select_by_dep=None, packages_skip_by_dep=None, packages_skip_up_to=None, packages_select_build_failed=False, packages_skip_build_finished=False, packages_select_test_failures=False, packages_skip_test_passed=False, packages_select=None, packages_skip=None, packages_select_regex=None, packages_skip_regex=None, packages_start=None, packages_end=None, allow_overriding=[], cmake_args=None, cmake_target=None, cmake_target_skip_unavailable=False, cmake_clean_cache=False, cmake_clean_first=False, cmake_force_configure=False, ament_cmake_args=None, catkin_cmake_args=None, catkin_skip_building_tests=False, verb_parser=<colcon_defaults.argument_parser.defaults.DefaultArgumentsDecorator object at 0xffffbb070d00>, verb_extension=<colcon_core.verb.build.BuildVerb object at 0xffffbb0708b0>, main=<bound method BuildVerb.main of <colcon_core.verb.build.BuildVerb object at 0xffffbb0708b0>>)
[1.151s] Level 1:colcon.colcon_core.package_discovery:discover_packages(colcon_meta) check parameters
[1.152s] Level 1:colcon.colcon_core.package_discovery:discover_packages(recursive) check parameters
[1.152s] Level 1:colcon.colcon_core.package_discovery:discover_packages(ignore) check parameters
[1.152s] Level 1:colcon.colcon_core.package_discovery:discover_packages(path) check parameters
[1.152s] Level 1:colcon.colcon_core.package_discovery:discover_packages(colcon_meta) discover
[1.152s] Level 1:colcon.colcon_core.package_discovery:discover_packages(recursive) discover
[1.153s] INFO:colcon.colcon_core.package_discovery:Crawling recursively for packages in '/home/hassanito/ros2_ws'
[1.153s] Level 1:colcon.colcon_core.package_identification:_identify(.) by extensions ['ignore', 'ignore_ament_install']
[1.153s] Level 1:colcon.colcon_core.package_identification:_identify(.) by extension 'ignore'
[1.154s] Level 1:colcon.colcon_core.package_identification:_identify(.) by extension 'ignore_ament_install'
[1.154s] Level 1:colcon.colcon_core.package_identification:_identify(.) by extensions ['colcon_pkg']
[1.154s] Level 1:colcon.colcon_core.package_identification:_identify(.) by extension 'colcon_pkg'
[1.154s] Level 1:colcon.colcon_core.package_identification:_identify(.) by extensions ['colcon_meta']
[1.155s] Level 1:colcon.colcon_core.package_identification:_identify(.) by extension 'colcon_meta'
[1.155s] Level 1:colcon.colcon_core.package_identification:_identify(.) by extensions ['ros']
[1.155s] Level 1:colcon.colcon_core.package_identification:_identify(.) by extension 'ros'
[1.198s] Level 1:colcon.colcon_core.package_identification:_identify(.) by extensions ['cmake', 'python']
[1.198s] Level 1:colcon.colcon_core.package_identification:_identify(.) by extension 'cmake'
[1.198s] Level 1:colcon.colcon_core.package_identification:_identify(.) by extension 'python'
[1.199s] Level 1:colcon.colcon_core.package_identification:_identify(.) by extensions ['python_setup_py']
[1.199s] Level 1:colcon.colcon_core.package_identification:_identify(.) by extension 'python_setup_py'
[1.199s] Level 1:colcon.colcon_core.package_identification:_identify(build) by extensions ['ignore', 'ignore_ament_install']
[1.200s] Level 1:colcon.colcon_core.package_identification:_identify(build) by extension 'ignore'
[1.200s] Level 1:colcon.colcon_core.package_identification:_identify(build) ignored
[1.200s] Level 1:colcon.colcon_core.package_identification:_identify(install) by extensions ['ignore', 'ignore_ament_install']
[1.201s] Level 1:colcon.colcon_core.package_identification:_identify(install) by extension 'ignore'
[1.201s] Level 1:colcon.colcon_core.package_identification:_identify(install) ignored
[1.202s] Level 1:colcon.colcon_core.package_identification:_identify(log) by extensions ['ignore', 'ignore_ament_install']
[1.202s] Level 1:colcon.colcon_core.package_identification:_identify(log) by extension 'ignore'
[1.202s] Level 1:colcon.colcon_core.package_identification:_identify(log) ignored
[1.202s] Level 1:colcon.colcon_core.package_identification:_identify(src) by extensions ['ignore', 'ignore_ament_install']
[1.203s] Level 1:colcon.colcon_core.package_identification:_identify(src) by extension 'ignore'
[1.203s] Level 1:colcon.colcon_core.package_identification:_identify(src) by extension 'ignore_ament_install'
[1.203s] Level 1:colcon.colcon_core.package_identification:_identify(src) by extensions ['colcon_pkg']
[1.203s] Level 1:colcon.colcon_core.package_identification:_identify(src) by extension 'colcon_pkg'
[1.204s] Level 1:colcon.colcon_core.package_identification:_identify(src) by extensions ['colcon_meta']
[1.204s] Level 1:colcon.colcon_core.package_identification:_identify(src) by extension 'colcon_meta'
[1.204s] Level 1:colcon.colcon_core.package_identification:_identify(src) by extensions ['ros']
[1.204s] Level 1:colcon.colcon_core.package_identification:_identify(src) by extension 'ros'
[1.204s] Level 1:colcon.colcon_core.package_identification:_identify(src) by extensions ['cmake', 'python']
[1.205s] Level 1:colcon.colcon_core.package_identification:_identify(src) by extension 'cmake'
[1.205s] Level 1:colcon.colcon_core.package_identification:_identify(src) by extension 'python'
[1.205s] Level 1:colcon.colcon_core.package_identification:_identify(src) by extensions ['python_setup_py']
[1.205s] Level 1:colcon.colcon_core.package_identification:_identify(src) by extension 'python_setup_py'
[1.206s] Level 1:colcon.colcon_core.package_identification:_identify(src/eezybotarm_control) by extensions ['ignore', 'ignore_ament_install']
[1.206s] Level 1:colcon.colcon_core.package_identification:_identify(src/eezybotarm_control) by extension 'ignore'
[1.206s] Level 1:colcon.colcon_core.package_identification:_identify(src/eezybotarm_control) by extension 'ignore_ament_install'
[1.206s] Level 1:colcon.colcon_core.package_identification:_identify(src/eezybotarm_control) by extensions ['colcon_pkg']
[1.207s] Level 1:colcon.colcon_core.package_identification:_identify(src/eezybotarm_control) by extension 'colcon_pkg'
[1.207s] Level 1:colcon.colcon_core.package_identification:_identify(src/eezybotarm_control) by extensions ['colcon_meta']
[1.207s] Level 1:colcon.colcon_core.package_identification:_identify(src/eezybotarm_control) by extension 'colcon_meta'
[1.207s] Level 1:colcon.colcon_core.package_identification:_identify(src/eezybotarm_control) by extensions ['ros']
[1.207s] Level 1:colcon.colcon_core.package_identification:_identify(src/eezybotarm_control) by extension 'ros'
[1.217s] DEBUG:colcon.colcon_core.package_identification:Package 'src/eezybotarm_control' with type 'ros.ament_python' and name 'eezybotarm_control'
[1.217s] Level 1:colcon.colcon_core.package_discovery:discover_packages(recursive) using defaults
[1.217s] Level 1:colcon.colcon_core.package_discovery:discover_packages(ignore) discover
[1.218s] Level 1:colcon.colcon_core.package_discovery:discover_packages(ignore) using defaults
[1.218s] Level 1:colcon.colcon_core.package_discovery:discover_packages(path) discover
[1.218s] Level 1:colcon.colcon_core.package_discovery:discover_packages(path) using defaults
[1.332s] Level 1:colcon.colcon_core.package_discovery:discover_packages(prefix_path) check parameters
[1.332s] Level 1:colcon.colcon_core.package_discovery:discover_packages(prefix_path) discover
[1.339s] DEBUG:colcon.colcon_installed_package_information.package_discovery:Found 1 installed packages in /home/hassanito/ros2_ws/install
[1.343s] DEBUG:colcon.colcon_installed_package_information.package_discovery:Found 270 installed packages in /opt/ros/humble
[1.348s] Level 1:colcon.colcon_core.package_discovery:discover_packages(prefix_path) using defaults
[1.496s] Level 5:colcon.colcon_core.verb:set package 'eezybotarm_control' build argument 'cmake_args' from command line to 'None'
[1.496s] Level 5:colcon.colcon_core.verb:set package 'eezybotarm_control' build argument 'cmake_target' from command line to 'None'
[1.496s] Level 5:colcon.colcon_core.verb:set package 'eezybotarm_control' build argument 'cmake_target_skip_unavailable' from command line to 'False'
[1.496s] Level 5:colcon.colcon_core.verb:set package 'eezybotarm_control' build argument 'cmake_clean_cache' from command line to 'False'
[1.496s] Level 5:colcon.colcon_core.verb:set package 'eezybotarm_control' build argument 'cmake_clean_first' from command line to 'False'
[1.496s] Level 5:colcon.colcon_core.verb:set package 'eezybotarm_control' build argument 'cmake_force_configure' from command line to 'False'
[1.497s] Level 5:colcon.colcon_core.verb:set package 'eezybotarm_control' build argument 'ament_cmake_args' from command line to 'None'
[1.497s] Level 5:colcon.colcon_core.verb:set package 'eezybotarm_control' build argument 'catkin_cmake_args' from command line to 'None'
[1.497s] Level 5:colcon.colcon_core.verb:set package 'eezybotarm_control' build argument 'catkin_skip_building_tests' from command line to 'False'
[1.497s] DEBUG:colcon.colcon_core.verb:Building package 'eezybotarm_control' with the following arguments: {'ament_cmake_args': None, 'build_base': '/home/hassanito/ros2_ws/build/eezybotarm_control', 'catkin_cmake_args': None, 'catkin_skip_building_tests': False, 'cmake_args': None, 'cmake_clean_cache': False, 'cmake_clean_first': False, 'cmake_force_configure': False, 'cmake_target': None, 'cmake_target_skip_unavailable': False, 'install_base': '/home/hassanito/ros2_ws/install/eezybotarm_control', 'merge_install': False, 'path': '/home/hassanito/ros2_ws/src/eezybotarm_control', 'symlink_install': False, 'test_result_base': None}
[1.497s] INFO:colcon.colcon_core.executor:Executing jobs using 'parallel' executor
[1.501s] DEBUG:colcon.colcon_parallel_executor.executor.parallel:run_until_complete
[1.502s] INFO:colcon.colcon_ros.task.ament_python.build:Building ROS package in '/home/hassanito/ros2_ws/src/eezybotarm_control' with build type 'ament_python'
[1.502s] Level 1:colcon.colcon_core.shell:create_environment_hook('eezybotarm_control', 'ament_prefix_path')
[1.511s] INFO:colcon.colcon_core.plugin_system:Skipping extension 'colcon_core.shell.bat': Not used on non-Windows systems
[1.512s] INFO:colcon.colcon_core.shell:Creating environment hook '/home/hassanito/ros2_ws/install/eezybotarm_control/share/eezybotarm_control/hook/ament_prefix_path.ps1'
[1.514s] INFO:colcon.colcon_core.shell:Creating environment descriptor '/home/hassanito/ros2_ws/install/eezybotarm_control/share/eezybotarm_control/hook/ament_prefix_path.dsv'
[1.516s] INFO:colcon.colcon_core.shell:Creating environment hook '/home/hassanito/ros2_ws/install/eezybotarm_control/share/eezybotarm_control/hook/ament_prefix_path.sh'
[1.519s] INFO:colcon.colcon_core.shell:Skip shell extension 'powershell' for command environment: Not usable outside of PowerShell
[1.519s] DEBUG:colcon.colcon_core.shell:Skip shell extension 'dsv' for command environment
[2.634s] INFO:colcon.colcon_core.task.python.build:Building Python package in '/home/hassanito/ros2_ws/src/eezybotarm_control'
[2.635s] INFO:colcon.colcon_core.shell:Skip shell extension 'powershell' for command environment: Not usable outside of PowerShell
[2.635s] DEBUG:colcon.colcon_core.shell:Skip shell extension 'dsv' for command environment
[4.007s] DEBUG:colcon.colcon_core.event_handler.log_command:Invoking command in '/home/hassanito/ros2_ws/src/eezybotarm_control': PYTHONPATH=/home/hassanito/ros2_ws/build/eezybotarm_control/prefix_override:/usr/lib/python3/dist-packages/colcon_core/task/python/colcon_distutils_commands:/home/hassanito/ros2_ws/install/eezybotarm_control/lib/python3.10/site-packages:${PYTHONPATH} /usr/bin/python3 -W ignore:setup.py install is deprecated -W ignore:easy_install command is deprecated setup.py egg_info --egg-base ../../build/eezybotarm_control build --build-base /home/hassanito/ros2_ws/build/eezybotarm_control/build install --record /home/hassanito/ros2_ws/build/eezybotarm_control/install.log --single-version-externally-managed install_data
[5.223s] DEBUG:colcon.colcon_core.event_handler.log_command:Invoked command in '/home/hassanito/ros2_ws/src/eezybotarm_control' returned '0': PYTHONPATH=/home/hassanito/ros2_ws/build/eezybotarm_control/prefix_override:/usr/lib/python3/dist-packages/colcon_core/task/python/colcon_distutils_commands:/home/hassanito/ros2_ws/install/eezybotarm_control/lib/python3.10/site-packages:${PYTHONPATH} /usr/bin/python3 -W ignore:setup.py install is deprecated -W ignore:easy_install command is deprecated setup.py egg_info --egg-base ../../build/eezybotarm_control build --build-base /home/hassanito/ros2_ws/build/eezybotarm_control/build install --record /home/hassanito/ros2_ws/build/eezybotarm_control/install.log --single-version-externally-managed install_data
[5.240s] Level 1:colcon.colcon_core.environment:checking '/home/hassanito/ros2_ws/install/eezybotarm_control' for CMake module files
[5.245s] Level 1:colcon.colcon_core.environment:checking '/home/hassanito/ros2_ws/install/eezybotarm_control' for CMake config files
[5.250s] Level 1:colcon.colcon_core.environment:checking '/home/hassanito/ros2_ws/install/eezybotarm_control/lib'
[5.251s] Level 1:colcon.colcon_core.environment:checking '/home/hassanito/ros2_ws/install/eezybotarm_control/bin'
[5.252s] Level 1:colcon.colcon_core.environment:checking '/home/hassanito/ros2_ws/install/eezybotarm_control/lib/pkgconfig/eezybotarm_control.pc'
[5.254s] Level 1:colcon.colcon_core.environment:checking '/home/hassanito/ros2_ws/install/eezybotarm_control/lib/python3.10/site-packages'
[5.254s] Level 1:colcon.colcon_core.shell:create_environment_hook('eezybotarm_control', 'pythonpath')
[5.256s] INFO:colcon.colcon_core.shell:Creating environment hook '/home/hassanito/ros2_ws/install/eezybotarm_control/share/eezybotarm_control/hook/pythonpath.ps1'
[5.260s] INFO:colcon.colcon_core.shell:Creating environment descriptor '/home/hassanito/ros2_ws/install/eezybotarm_control/share/eezybotarm_control/hook/pythonpath.dsv'
[5.264s] INFO:colcon.colcon_core.shell:Creating environment hook '/home/hassanito/ros2_ws/install/eezybotarm_control/share/eezybotarm_control/hook/pythonpath.sh'
[5.268s] Level 1:colcon.colcon_core.environment:checking '/home/hassanito/ros2_ws/install/eezybotarm_control/bin'
[5.269s] Level 1:colcon.colcon_core.environment:create_environment_scripts_only(eezybotarm_control)
[5.271s] INFO:colcon.colcon_core.shell:Creating package script '/home/hassanito/ros2_ws/install/eezybotarm_control/share/eezybotarm_control/package.ps1'
[5.277s] INFO:colcon.colcon_core.shell:Creating package descriptor '/home/hassanito/ros2_ws/install/eezybotarm_control/share/eezybotarm_control/package.dsv'
[5.280s] INFO:colcon.colcon_core.shell:Creating package script '/home/hassanito/ros2_ws/install/eezybotarm_control/share/eezybotarm_control/package.sh'
[5.284s] INFO:colcon.colcon_core.shell:Creating package script '/home/hassanito/ros2_ws/install/eezybotarm_control/share/eezybotarm_control/package.bash'
[5.287s] INFO:colcon.colcon_core.shell:Creating package script '/home/hassanito/ros2_ws/install/eezybotarm_control/share/eezybotarm_control/package.zsh'
[5.289s] Level 1:colcon.colcon_core.environment:create_file_with_runtime_dependencies(/home/hassanito/ros2_ws/install/eezybotarm_control/share/colcon-core/packages/eezybotarm_control)
[5.291s] DEBUG:colcon.colcon_parallel_executor.executor.parallel:closing loop
[5.293s] DEBUG:colcon.colcon_parallel_executor.executor.parallel:loop closed
[5.293s] DEBUG:colcon.colcon_parallel_executor.executor.parallel:run_until_complete finished with '0'
[5.294s] DEBUG:colcon.colcon_core.event_reactor:joining thread
[5.325s] INFO:colcon.colcon_core.plugin_system:Skipping extension 'colcon_notification.desktop_notification.terminal_notifier': Not used on non-Darwin systems
[5.325s] INFO:colcon.colcon_core.plugin_system:Skipping extension 'colcon_notification.desktop_notification.win32': Not used on non-Windows systems
[5.326s] INFO:colcon.colcon_notification.desktop_notification:Sending desktop notification using 'notify2'
[5.402s] DEBUG:colcon.colcon_core.event_reactor:joined thread
[5.404s] INFO:colcon.colcon_core.shell:Creating prefix script '/home/hassanito/ros2_ws/install/local_setup.ps1'
[5.409s] INFO:colcon.colcon_core.shell:Creating prefix util module '/home/hassanito/ros2_ws/install/_local_setup_util_ps1.py'
[5.417s] INFO:colcon.colcon_core.shell:Creating prefix chain script '/home/hassanito/ros2_ws/install/setup.ps1'
[5.424s] INFO:colcon.colcon_core.shell:Creating prefix script '/home/hassanito/ros2_ws/install/local_setup.sh'
[5.427s] INFO:colcon.colcon_core.shell:Creating prefix util module '/home/hassanito/ros2_ws/install/_local_setup_util_sh.py'
[5.431s] INFO:colcon.colcon_core.shell:Creating prefix chain script '/home/hassanito/ros2_ws/install/setup.sh'
[5.436s] INFO:colcon.colcon_core.shell:Creating prefix script '/home/hassanito/ros2_ws/install/local_setup.bash'
[5.438s] INFO:colcon.colcon_core.shell:Creating prefix chain script '/home/hassanito/ros2_ws/install/setup.bash'
[5.443s] INFO:colcon.colcon_core.shell:Creating prefix script '/home/hassanito/ros2_ws/install/local_setup.zsh'
[5.445s] INFO:colcon.colcon_core.shell:Creating prefix chain script '/home/hassanito/ros2_ws/install/setup.zsh'
